\BOOKMARK [1][-]{section.1}{\376\377\116\000\060\001\225\356\230\230\221\315\217\360}{}% 1
\BOOKMARK [2][-]{subsection.1.1}{\376\377\0001\000.\0001\000\040\225\356\230\230\200\314\146\157}{section.1}% 2
\BOOKMARK [2][-]{subsection.1.2}{\376\377\0001\000.\0002\000\040\225\356\230\230\166\204\143\320\121\372}{section.1}% 3
\BOOKMARK [1][-]{section.2}{\376\377\116\214\060\001\225\356\230\230\122\006\147\220}{}% 4
\BOOKMARK [2][-]{subsection.2.1}{\376\377\0002\000.\0001\000\040\225\356\230\230\116\000\122\006\147\220}{section.2}% 5
\BOOKMARK [2][-]{subsection.2.2}{\376\377\0002\000.\0002\000\040\225\356\230\230\116\214\122\006\147\220}{section.2}% 6
\BOOKMARK [2][-]{subsection.2.3}{\376\377\0002\000.\0003\000\040\210\145\121\105}{section.2}% 7
\BOOKMARK [1][-]{section.3}{\376\377\116\011\060\001\173\046\123\367\213\364\146\016\116\016\152\041\127\213\120\107\213\276}{}% 8
\BOOKMARK [2][-]{subsection.3.1}{\376\377\0003\000.\0001\000\040\152\041\127\213\120\107\213\276}{section.3}% 9
\BOOKMARK [2][-]{subsection.3.2}{\376\377\0003\000.\0002\000\040\120\107\213\276\213\364\146\016}{section.3}% 10
\BOOKMARK [2][-]{subsection.3.3}{\376\377\0003\000.\0003\000\040\173\046\123\367\213\364\146\016}{section.3}% 11
\BOOKMARK [1][-]{section.4}{\376\377\126\333\060\001\152\041\127\213\166\204\136\372\172\313\116\016\154\102\211\343}{}% 12
\BOOKMARK [2][-]{subsection.4.1}{\376\377\0004\000.\0001\000\040\135\362\167\345\127\060\126\376\166\204\147\000\117\030\123\026\215\357\137\204\152\041\127\213}{section.4}% 13
\BOOKMARK [3][-]{subsubsection.4.1.1}{\376\377\0004\000.\0001\000.\0001\000\040\126\376\120\317\166\204\230\204\131\004\164\006}{subsection.4.1}% 14
\BOOKMARK [3][-]{subsubsection.4.1.2}{\376\377\0004\000.\0001\000.\0002\000\040\000A\000*\173\227\154\325}{subsection.4.1}% 15
\BOOKMARK [3][-]{subsubsection.4.1.3}{\376\377\0004\000.\0001\000.\0003\000\040\147\000\117\030\215\357\137\204\152\041\127\213\123\312\000A\000*\173\227\154\325\124\010\164\006\140\047\213\301\146\016}{subsection.4.1}% 16
\BOOKMARK [3][-]{subsubsection.4.1.4}{\376\377\0004\000.\0001\000.\0004\000\040\135\362\167\345\127\060\126\376\166\204\147\000\117\030\215\357\137\204\211\304\122\022\173\227\154\325}{subsection.4.1}% 17
\BOOKMARK [3][-]{subsubsection.4.1.5}{\376\377\0004\000.\0001\000.\0005\000\040\152\041\127\213\154\102\211\343}{subsection.4.1}% 18
\BOOKMARK [2][-]{subsection.4.2}{\376\377\0004\000.\0002\000\040\147\052\167\345\127\060\126\376\166\204\147\000\117\030\123\026\215\357\137\204\152\041\127\213}{section.4}% 19
\BOOKMARK [3][-]{subsubsection.4.2.1}{\376\377\0004\000.\0002\000.\0001\000\040\152\041\127\213\213\364\146\016\116\016\213\272\213\301}{subsection.4.2}% 20
\BOOKMARK [3][-]{subsubsection.4.2.2}{\376\377\0004\000.\0002\000.\0002\000\040\152\041\127\213\154\102\211\343}{subsection.4.2}% 21
\BOOKMARK [1][-]{section.5}{\376\377\116\224\060\001\152\041\127\213\122\006\147\220\116\016\145\071\217\333}{}% 22
\BOOKMARK [2][-]{subsection.5.1}{\376\377\0005\000.\0001\000\040\152\041\127\213\117\030\160\271}{section.5}% 23
\BOOKMARK [2][-]{subsection.5.2}{\376\377\0005\000.\0002\000\040\152\041\127\213\177\072\160\271}{section.5}% 24
\BOOKMARK [2][-]{subsection.5.3}{\376\377\0005\000.\0003\000\040\152\041\127\213\173\227\154\325\133\371\153\324}{section.5}% 25
\BOOKMARK [2][-]{subsection.5.4}{\376\377\0005\000.\0004\000\040\152\041\127\213\145\071\217\333}{section.5}% 26
\BOOKMARK [2][-]{subsection.5.5}{\376\377\0005\000.\0005\000\040\152\041\127\213\143\250\136\177}{section.5}% 27
\BOOKMARK [1][-]{section.1}{\376\377\226\104\137\125\000A\000\040\135\362\167\345\127\060\126\376\166\204\147\000\117\030\123\026\215\357\137\204\173\227\154\325\217\320\210\114\176\323\147\234}{}% 28
\BOOKMARK [1][-]{section.2}{\376\377\226\104\137\125\000B\000\040\147\052\167\345\127\060\126\376\166\204\147\000\117\030\123\026\215\357\137\204\173\227\154\325\217\320\210\114\176\323\147\234}{}% 29
\BOOKMARK [1][-]{section.3}{\376\377\226\104\137\125\000C\000\040\156\220\116\343\170\001}{}% 30
